Styling  4  files:
 data-raw.R                 ✔ 
 majoritarian-elections.qmd ✔ 
 utils/packages-update.R    ✔ 
 utils/run-all.R            ✔ 
────────────────────────────────────────
Status	Count	Legend 
✔ 	4	File unchanged.
ℹ 	0	File changed.
✖ 	0	Styling threw an error.
────────────────────────────────────────
── Attaching core tidyverse packages ──────────────────────── tidyverse 2.0.0 ──
✔ dplyr     1.1.4     ✔ readr     2.1.5
✔ forcats   1.0.0     ✔ stringr   1.5.1
✔ ggplot2   3.5.1     ✔ tibble    3.2.1
✔ lubridate 1.9.3     ✔ tidyr     1.3.1
✔ purrr     1.0.2     
── Conflicts ────────────────────────────────────────── tidyverse_conflicts() ──
✖ dplyr::filter() masks stats::filter()
✖ dplyr::lag()    masks stats::lag()
ℹ Use the conflicted package (<http://conflicted.r-lib.org/>) to force all conflicts to become errors
Rows: 14 Columns: 4
── Column specification ────────────────────────────────────────────────────────
Delimiter: ","
chr (2): party, party_name
dbl (2): seats, vote_share

ℹ Use `spec()` to retrieve the full column specification for this data.
ℹ Specify the column types or set `show_col_types = FALSE` to quiet this message.
$`data-raw.R`
$`data-raw.R`$status
[1] 0

$`data-raw.R`$stdout
[1] ""

$`data-raw.R`$stderr
[1] "── Attaching core tidyverse packages ──────────────────────── tidyverse 2.0.0 ──\n✔ dplyr     1.1.4     ✔ readr     2.1.5\n✔ forcats   1.0.0     ✔ stringr   1.5.1\n✔ ggplot2   3.5.1     ✔ tibble    3.2.1\n✔ lubridate 1.9.3     ✔ tidyr     1.3.1\n✔ purrr     1.0.2     \n── Conflicts ────────────────────────────────────────── tidyverse_conflicts() ──\n✖ dplyr::filter() masks stats::filter()\n✖ dplyr::lag()    masks stats::lag()\nℹ Use the conflicted package (<http://conflicted.r-lib.org/>) to force all conflicts to become errors\nRows: 14 Columns: 4\n── Column specification ────────────────────────────────────────────────────────\nDelimiter: \",\"\nchr (2): party, party_name\ndbl (2): seats, vote_share\n\nℹ Use `spec()` to retrieve the full column specification for this data.\nℹ Specify the column types or set `show_col_types = FALSE` to quiet this message.\n"

$`data-raw.R`$timeout
[1] FALSE

$`data-raw.R`$command
[1] "/usr/local/lib/R/bin/Rscript" "data-raw.R"                  


named list()
Finding R package dependencies ... Done!
 [1] TRUE TRUE TRUE TRUE TRUE TRUE TRUE TRUE TRUE TRUE TRUE TRUE TRUE TRUE TRUE
[16] TRUE TRUE TRUE TRUE TRUE TRUE TRUE TRUE
R version 4.4.1 (2024-06-14)
Platform: x86_64-pc-linux-gnu
Running under: Ubuntu 22.04.4 LTS

Matrix products: default
BLAS:   /usr/lib/x86_64-linux-gnu/openblas-pthread/libblas.so.3 
LAPACK: /usr/lib/x86_64-linux-gnu/openblas-pthread/libopenblasp-r0.3.20.so;  LAPACK version 3.10.0

locale:
 [1] LC_CTYPE=en_US.UTF-8       LC_NUMERIC=C              
 [3] LC_TIME=en_US.UTF-8        LC_COLLATE=en_US.UTF-8    
 [5] LC_MONETARY=en_US.UTF-8    LC_MESSAGES=en_US.UTF-8   
 [7] LC_PAPER=en_US.UTF-8       LC_NAME=C                 
 [9] LC_ADDRESS=C               LC_TELEPHONE=C            
[11] LC_MEASUREMENT=en_US.UTF-8 LC_IDENTIFICATION=C       

time zone: Etc/UTC
tzcode source: system (glibc)

attached base packages:
[1] stats     graphics  grDevices utils     datasets  methods   base     

other attached packages:
 [1] styler_1.10.3    lintr_3.1.2      renv_1.0.7       pak_0.7.2       
 [5] rmarkdown_2.27   reactable_0.4.4  patchwork_1.2.0  knitr_1.48      
 [9] conflicted_1.2.0 lubridate_1.9.3  forcats_1.0.0    stringr_1.5.1   
[13] readr_2.1.5      tidyr_1.3.1      tibble_3.2.1     ggplot2_3.5.1   
[17] tidyverse_2.0.0  dplyr_1.1.4      purrr_1.0.2      fs_1.6.4        
[21] callr_3.7.6     

loaded via a namespace (and not attached):
 [1] gtable_0.3.5       xfun_0.45          htmlwidgets_1.6.4  remotes_2.5.0     
 [5] processx_3.8.4     tzdb_0.4.0         vctrs_0.6.5        tools_4.4.1       
 [9] ps_1.7.7           generics_0.1.3     fansi_1.0.6        pkgconfig_2.0.3   
[13] R.oo_1.26.0        data.table_1.15.4  desc_1.4.3         lifecycle_1.0.4   
[17] R.cache_0.16.0     compiler_4.4.1     munsell_0.5.1      htmltools_0.5.8.1 
[21] yaml_2.3.9         lazyeval_0.2.2     pillar_1.9.0       crayon_1.5.3      
[25] R.utils_2.12.3     cachem_1.1.0       xmlparsedata_1.0.5 tidyselect_1.2.1  
[29] digest_0.6.36      stringi_1.8.4      fastmap_1.2.0      grid_4.4.1        
[33] colorspace_2.1-0   cli_3.6.3          magrittr_2.0.3     utf8_1.2.4        
[37] withr_3.0.0        scales_1.3.0       backports_1.5.0    cyclocomp_1.1.1   
[41] timechange_0.3.0   R.methodsS3_1.8.2  hms_1.1.3          memoise_2.0.1     
[45] evaluate_0.24.0    rex_1.2.1          rlang_1.1.4        glue_1.7.0        
[49] xml2_1.3.6         rstudioapi_0.16.0  R6_2.5.1          
